<?xml version="1.0" encoding="UTF-8"?>
<testsuite xmlns:xsi="http://www.w3.org/2001/XMLSchema-instance" xsi:noNamespaceSchemaLocation="https://maven.apache.org/surefire/maven-surefire-plugin/xsd/surefire-test-report.xsd" version="3.0.2" name="com.example.backend.parser.XmlInputParserTest" time="0.181" tests="2" errors="0" skipped="0" failures="0" flakes="0">
  <properties>
[...]
</properties>
  <testcase name="shouldThrowWhenXmlIsInvalid" classname="com.example.backend.parser.XmlInputParserTest" time="0.171">
    <system-out><![CDATA[19:03:39.825 [main] WARN com.example.backend.parser.XmlInputParser -- Failed to parse XML input: null
]]></system-out>
  </testcase>
  <testcase name="shouldParseValidXmlInput" classname="com.example.backend.parser.XmlInputParserTest" time="0.007"/>
</testsuite>